<?xml version="1.0" encoding="UTF-8"?>
<!-- Generated by org.testng.reporters.JUnitReportReporter -->
<testsuite skipped="0" hostname="LAPTOP-0SJ3B8VU" name="AutomationStepByStep.Tests_DELETE" tests="1" failures="0" timestamp="2021-12-29T18:06:55 IST" time="2.591" errors="0">
  <testcase name="test_1" time="2.591" classname="AutomationStepByStep.Tests_DELETE"/>
  <system-out/>
</testsuite> <!-- AutomationStepByStep.Tests_DELETE -->
