<?xml version="1.0" encoding="UTF-8"?>
<!-- Generated by org.testng.reporters.JUnitReportReporter -->
<testsuite skipped="0" hostname="LAPTOP-0SJ3B8VU" name="AutomationStepByStep.DataDriver" tests="2" failures="0" timestamp="2021-12-29T20:01:49 IST" time="11.798" errors="0">
  <testcase name="test_1" time="6.996" classname="AutomationStepByStep.DataDriver"/>
  <system-out/>
  <testcase name="test_1" time="4.802" classname="AutomationStepByStep.DataDriver"/>
  <system-out/>
</testsuite> <!-- AutomationStepByStep.DataDriver -->
