<?xml version="1.0" encoding="UTF-8"?>
<!-- Generated by org.testng.reporters.JUnitReportReporter -->
<testsuite skipped="0" hostname="LAPTOP-0SJ3B8VU" name="rsetAssuredTest.Demo1_GET_Request" tests="1" failures="0" timestamp="2021-12-29T09:46:34 IST" time="3.507" errors="0">
  <testcase name="getWeatherDetails" time="3.507" classname="rsetAssuredTest.Demo1_GET_Request"/>
  <system-out/>
</testsuite> <!-- rsetAssuredTest.Demo1_GET_Request -->
