<?xml version="1.0" encoding="UTF-8"?>
<!-- Generated by org.testng.reporters.JUnitReportReporter -->
<testsuite skipped="0" hostname="LAPTOP-0SJ3B8VU" name="rsetAssuredTest.Demo3_PUT_Request" tests="1" failures="0" timestamp="2021-12-29T10:23:26 IST" time="6.524" errors="0">
  <testcase name="testPUT" time="6.524" classname="rsetAssuredTest.Demo3_PUT_Request"/>
  <system-out/>
</testsuite> <!-- rsetAssuredTest.Demo3_PUT_Request -->
