<?xml version="1.0" encoding="UTF-8"?>
<!-- Generated by org.testng.reporters.JUnitReportReporter -->
<testsuite skipped="0" hostname="LAPTOP-0SJ3B8VU" name="AutomationStepByStep.Tests_POST" tests="1" failures="0" timestamp="2021-12-29T18:07:21 IST" time="2.504" errors="0">
  <testcase name="test_1" time="2.504" classname="AutomationStepByStep.Tests_POST"/>
  <system-out/>
</testsuite> <!-- AutomationStepByStep.Tests_POST -->
