<?xml version="1.0" encoding="UTF-8"?>
<!-- Generated by org.testng.reporters.JUnitReportReporter -->
<testsuite skipped="0" hostname="LAPTOP-0SJ3B8VU" name="AutomationStepByStep.Tests_GET" tests="1" failures="0" timestamp="2021-12-29T17:36:18 IST" time="5.853" errors="0">
  <testcase name="test_1" time="5.853" classname="AutomationStepByStep.Tests_GET"/>
  <system-out/>
</testsuite> <!-- AutomationStepByStep.Tests_GET -->
