<?xml version="1.0" encoding="UTF-8"?>
<!-- Generated by org.testng.reporters.JUnitReportReporter -->
<testsuite skipped="0" hostname="LAPTOP-0SJ3B8VU" name="restAssured2.Demo6_BasicValidation_XML" tests="5" failures="0" timestamp="2021-12-29T13:40:15 IST" time="16.650" errors="0">
  <testcase name="singleContent" time="6.163" classname="restAssured2.Demo6_BasicValidation_XML"/>
  <system-out/>
  <testcase name="multipleContent" time="2.110" classname="restAssured2.Demo6_BasicValidation_XML"/>
  <system-out/>
  <testcase name="multipleContentInOneGo" time="2.459" classname="restAssured2.Demo6_BasicValidation_XML"/>
  <system-out/>
  <testcase name="usingXpath" time="2.308" classname="restAssured2.Demo6_BasicValidation_XML"/>
  <system-out/>
  <testcase name="usingXpath2" time="3.610" classname="restAssured2.Demo6_BasicValidation_XML"/>
  <system-out/>
</testsuite> <!-- restAssured2.Demo6_BasicValidation_XML -->
