<?xml version="1.0" encoding="UTF-8"?>
<!-- Generated by org.testng.reporters.JUnitReportReporter -->
<testsuite skipped="0" hostname="LAPTOP-0SJ3B8VU" name="AutomationStepByStep.Tests_PUT" tests="2" failures="0" timestamp="2021-12-29T18:07:10 IST" time="4.256" errors="0">
  <testcase name="test_1" time="3.116" classname="AutomationStepByStep.Tests_PUT"/>
  <system-out/>
  <testcase name="test_2" time="1.140" classname="AutomationStepByStep.Tests_PUT"/>
  <system-out/>
</testsuite> <!-- AutomationStepByStep.Tests_PUT -->
